<?xml version="1.0" encoding="UTF-8" ?>
<!DOCTYPE mapper
        PUBLIC "-//mybatis.org//DTD Mapper 3.0//EN"
        "http://mybatis.org/dtd/mybatis-3-mapper.dtd">
<mapper namespace="com.mapper.TestMapper">
    <select id="selectTest" resultType="Test">
        select *
        from test;
    </select>
    <select id="jsonTypeHandleTest" resultType="UserContainer" parameterType="int">
        select * from user where no=#{no};
    </select>
</mapper>